This is pdfTeX, Version 3.14159265-2.6-1.40.19 (TeX Live 2018) (preloaded format=pdflatex 2018.6.29)  20 OCT 2018 10:33
entering extended mode
 restricted \write18 enabled.
 %&-line parsing enabled.
**tabulation.tex
(./tabulation.tex
LaTeX2e <2018-04-01> patch level 2
Babel <3.18> and hyphenation patterns for 22 language(s) loaded.
(/usr/local/texlive/2018basic/texmf-dist/tex/latex/base/article.cls
Document Class: article 2014/09/29 v1.4h Standard LaTeX document class
(/usr/local/texlive/2018basic/texmf-dist/tex/latex/base/size11.clo
File: size11.clo 2014/09/29 v1.4h Standard LaTeX file (size option)
)
\c@part=\count80
\c@section=\count81
\c@subsection=\count82
\c@subsubsection=\count83
\c@paragraph=\count84
\c@subparagraph=\count85
\c@figure=\count86
\c@table=\count87
\abovecaptionskip=\skip41
\belowcaptionskip=\skip42
\bibindent=\dimen102
)
(/usr/local/texlive/2018basic/texmf-dist/tex/latex/geometry/geometry.sty
Package: geometry 2018/03/24 v5.7 Page Geometry

(/usr/local/texlive/2018basic/texmf-dist/tex/latex/graphics/keyval.sty
Package: keyval 2014/10/28 v1.15 key=value parser (DPC)
\KV@toks@=\toks14
)
(/usr/local/texlive/2018basic/texmf-dist/tex/generic/oberdiek/ifpdf.sty
Package: ifpdf 2017/03/15 v3.2 Provides the ifpdf switch
)
(/usr/local/texlive/2018basic/texmf-dist/tex/generic/oberdiek/ifvtex.sty
Package: ifvtex 2016/05/16 v1.6 Detect VTeX and its facilities (HO)
Package ifvtex Info: VTeX not detected.
)
(/usr/local/texlive/2018basic/texmf-dist/tex/generic/ifxetex/ifxetex.sty
Package: ifxetex 2010/09/12 v0.6 Provides ifxetex conditional
)
\Gm@cnth=\count88
\Gm@cntv=\count89
\c@Gm@tempcnt=\count90
\Gm@bindingoffset=\dimen103
\Gm@wd@mp=\dimen104
\Gm@odd@mp=\dimen105
\Gm@even@mp=\dimen106
\Gm@layoutwidth=\dimen107
\Gm@layoutheight=\dimen108
\Gm@layouthoffset=\dimen109
\Gm@layoutvoffset=\dimen110
\Gm@dimlist=\toks15
)
(/usr/local/texlive/2018basic/texmf-dist/tex/latex/datatool/datatool.sty
Package: datatool 2018/04/16 v2.30 (NLCT)

(/usr/local/texlive/2018basic/texmf-dist/tex/latex/xkeyval/xkeyval.sty
Package: xkeyval 2014/12/03 v2.7a package option processing (HA)

(/usr/local/texlive/2018basic/texmf-dist/tex/generic/xkeyval/xkeyval.tex
(/usr/local/texlive/2018basic/texmf-dist/tex/generic/xkeyval/xkvutils.tex
\XKV@toks=\toks16
\XKV@tempa@toks=\toks17
)
\XKV@depth=\count91
File: xkeyval.tex 2014/12/03 v2.7a key=value parser (HA)
))
(/usr/local/texlive/2018basic/texmf-dist/tex/latex/base/ifthen.sty
Package: ifthen 2014/09/29 v1.1c Standard LaTeX ifthen package (DPC)
)
(/usr/local/texlive/2018basic/texmf-dist/tex/latex/xfor/xfor.sty
Package: xfor 2009/02/05 v1.05 (NLCT)
)
(/usr/local/texlive/2018basic/texmf-dist/tex/latex/substr/substr.sty
Package: substr 2009/10/20 v1.2 Handle substrings
\c@su@anzahl=\count92
)
(/usr/local/texlive/2018basic/texmf-dist/tex/latex/etoolbox/etoolbox.sty
Package: etoolbox 2018/02/11 v2.5e e-TeX tools for LaTeX (JAW)
\etb@tempcnta=\count93
)
(/usr/local/texlive/2018basic/texmf-dist/tex/latex/datatool/datatool-base.sty
Package: datatool-base 2018/04/16 v2.30 (NLCT)

(/usr/local/texlive/2018basic/texmf-dist/tex/latex/amsmath/amsmath.sty
Package: amsmath 2017/09/02 v2.17a AMS math features
\@mathmargin=\skip43

For additional information on amsmath, use the `?' option.
(/usr/local/texlive/2018basic/texmf-dist/tex/latex/amsmath/amstext.sty
Package: amstext 2000/06/29 v2.01 AMS text

(/usr/local/texlive/2018basic/texmf-dist/tex/latex/amsmath/amsgen.sty
File: amsgen.sty 1999/11/30 v2.0 generic functions
\@emptytoks=\toks18
\ex@=\dimen111
))
(/usr/local/texlive/2018basic/texmf-dist/tex/latex/amsmath/amsbsy.sty
Package: amsbsy 1999/11/29 v1.2d Bold Symbols
\pmbraise@=\dimen112
)
(/usr/local/texlive/2018basic/texmf-dist/tex/latex/amsmath/amsopn.sty
Package: amsopn 2016/03/08 v2.02 operator names
)
\inf@bad=\count94
LaTeX Info: Redefining \frac on input line 213.
\uproot@=\count95
\leftroot@=\count96
LaTeX Info: Redefining \overline on input line 375.
\classnum@=\count97
\DOTSCASE@=\count98
LaTeX Info: Redefining \ldots on input line 472.
LaTeX Info: Redefining \dots on input line 475.
LaTeX Info: Redefining \cdots on input line 596.
\Mathstrutbox@=\box26
\strutbox@=\box27
\big@size=\dimen113
LaTeX Font Info:    Redeclaring font encoding OML on input line 712.
LaTeX Font Info:    Redeclaring font encoding OMS on input line 713.
\macc@depth=\count99
\c@MaxMatrixCols=\count100
\dotsspace@=\muskip10
\c@parentequation=\count101
\dspbrk@lvl=\count102
\tag@help=\toks19
\row@=\count103
\column@=\count104
\maxfields@=\count105
\andhelp@=\toks20
\eqnshift@=\dimen114
\alignsep@=\dimen115
\tagshift@=\dimen116
\tagwidth@=\dimen117
\totwidth@=\dimen118
\lineht@=\dimen119
\@envbody=\toks21
\multlinegap=\skip44
\multlinetaggap=\skip45
\mathdisplay@stack=\toks22
LaTeX Info: Redefining \[ on input line 2817.
LaTeX Info: Redefining \] on input line 2818.
)
(/usr/local/texlive/2018basic/texmf-dist/tex/latex/datatool/datatool-fp.sty
Package: datatool-fp 2018/04/16 v2.30 (NLCT)

(/usr/local/texlive/2018basic/texmf-dist/tex/latex/fp/fp.sty
Package: fp 1995/04/02

`Fixed Point Package', Version 0.8, April 2, 1995 (C) Michael Mehlich
(/usr/local/texlive/2018basic/texmf-dist/tex/latex/fp/defpattern.sty
Package: defpattern 1994/10/12
\actioncount=\count106
)
(/usr/local/texlive/2018basic/texmf-dist/tex/latex/fp/fp-basic.sty
Package: fp-basic 1996/05/13
\FP@xs=\count107
\FP@xia=\count108
\FP@xib=\count109
\FP@xfa=\count110
\FP@xfb=\count111
\FP@rega=\count112
\FP@regb=\count113
\FP@regs=\count114
\FP@times=\count115
)
(/usr/local/texlive/2018basic/texmf-dist/tex/latex/fp/fp-addons.sty
Package: fp-addons 1995/03/15
)
(/usr/local/texlive/2018basic/texmf-dist/tex/latex/fp/fp-snap.sty
Package: fp-snap 1995/04/05
)
(/usr/local/texlive/2018basic/texmf-dist/tex/latex/fp/fp-exp.sty
Package: fp-exp 1995/04/03
)
(/usr/local/texlive/2018basic/texmf-dist/tex/latex/fp/fp-trigo.sty
Package: fp-trigo 1995/04/14
)
(/usr/local/texlive/2018basic/texmf-dist/tex/latex/fp/fp-pas.sty
Package: fp-pas 1994/08/29
)
(/usr/local/texlive/2018basic/texmf-dist/tex/latex/fp/fp-random.sty
Package: fp-random 1995/02/23
\FPseed=\count116
)
(/usr/local/texlive/2018basic/texmf-dist/tex/latex/fp/fp-eqn.sty
Package: fp-eqn 1995/04/03
)
(/usr/local/texlive/2018basic/texmf-dist/tex/latex/fp/fp-upn.sty
Package: fp-upn 1996/10/21
)
(/usr/local/texlive/2018basic/texmf-dist/tex/latex/fp/fp-eval.sty
Package: fp-eval 1995/04/03
)))
\@dtl@toks=\toks23
\@dtl@tmpcount=\count117
\dtl@tmplength=\skip46
\dtl@sortresult=\count118
\@dtl@numgrpsepcount=\count119
\@dtl@datatype=\count120
\dtl@codeA=\count121
\dtl@codeB=\count122
\@dtl@foreach@level=\count123
)
\dtlcolumnnum=\count124
\dtlrownum=\count125
\@dtl@before=\toks24
\@dtl@after=\toks25
\@dtl@colhead=\toks26
\dtlcurrentrow=\toks27
\dtlbeforerow=\toks28
\dtlafterrow=\toks29
\dtlforeachlevel=\count126
\c@DTLrowi=\count127
\c@DTLrowii=\count128
\c@DTLrowiii=\count129
\c@DTLrow=\count130
\dtl@rowi=\count131
\dtl@rowii=\count132
\dtl@rowiii=\count133
\@dtl@curi=\toks30
\@dtl@previ=\toks31
\@dtl@nexti=\toks32
\@dtl@curii=\toks33
\@dtl@previi=\toks34
\@dtl@nextii=\toks35
\@dtl@curiii=\toks36
\@dtl@previii=\toks37
\@dtl@nextiii=\toks38
\@dtl@elements=\count134
\@dtl@list=\toks39
\@dtl@rowa=\toks40
\@dtl@rowb=\toks41
\@dtl@toksA=\toks42
\@dtl@toksB=\toks43
\@dtl@write=\write3
\@dtl@read=\read1
\dtl@entrycr=\count135
\dtl@omitlines=\count136
)
(/usr/local/texlive/2018basic/texmf-dist/tex/latex/tools/calc.sty
Package: calc 2017/05/25 v4.3 Infix arithmetic (KKT,FJ)
\calc@Acount=\count137
\calc@Bcount=\count138
\calc@Adimen=\dimen120
\calc@Bdimen=\dimen121
\calc@Askip=\skip47
\calc@Bskip=\skip48
LaTeX Info: Redefining \setlength on input line 80.
LaTeX Info: Redefining \addtolength on input line 81.
\calc@Ccount=\count139
\calc@Cskip=\skip49
)
(/usr/local/texlive/2018basic/texmf-dist/tex/latex/tools/array.sty
Package: array 2018/04/07 v2.4g Tabular extension package (FMi)
\col@sep=\dimen122
\ar@mcellbox=\box28
\extrarowheight=\dimen123
\NC@list=\toks44
\extratabsurround=\skip50
\backup@length=\skip51
\ar@cellbox=\box29
)
(/usr/local/texlive/2018basic/texmf-dist/tex/latex/tools/tabularx.sty
Package: tabularx 2016/02/03 v2.11b `tabularx' package (DPC)
\TX@col@width=\dimen124
\TX@old@table=\dimen125
\TX@old@col=\dimen126
\TX@target=\dimen127
\TX@delta=\dimen128
\TX@cols=\count140
\TX@ftn=\toks45
)
(/usr/local/texlive/2018basic/texmf-dist/tex/latex/graphics/graphicx.sty
Package: graphicx 2017/06/01 v1.1a Enhanced LaTeX Graphics (DPC,SPQR)

(/usr/local/texlive/2018basic/texmf-dist/tex/latex/graphics/graphics.sty
Package: graphics 2017/06/25 v1.2c Standard LaTeX Graphics (DPC,SPQR)

(/usr/local/texlive/2018basic/texmf-dist/tex/latex/graphics/trig.sty
Package: trig 2016/01/03 v1.10 sin cos tan (DPC)
)
(/usr/local/texlive/2018basic/texmf-dist/tex/latex/graphics-cfg/graphics.cfg
File: graphics.cfg 2016/06/04 v1.11 sample graphics configuration
)
Package graphics Info: Driver file: pdftex.def on input line 99.

(/usr/local/texlive/2018basic/texmf-dist/tex/latex/graphics-def/pdftex.def
File: pdftex.def 2018/01/08 v1.0l Graphics/color driver for pdftex
))
\Gin@req@height=\dimen129
\Gin@req@width=\dimen130
)
(/usr/local/texlive/2018basic/texmf-dist/tex/latex/pgf/basiclayer/pgf.sty
(/usr/local/texlive/2018basic/texmf-dist/tex/latex/pgf/utilities/pgfrcs.sty
(/usr/local/texlive/2018basic/texmf-dist/tex/generic/pgf/utilities/pgfutil-comm
on.tex
\pgfutil@everybye=\toks46
\pgfutil@tempdima=\dimen131
\pgfutil@tempdimb=\dimen132

(/usr/local/texlive/2018basic/texmf-dist/tex/generic/pgf/utilities/pgfutil-comm
on-lists.tex))
(/usr/local/texlive/2018basic/texmf-dist/tex/generic/pgf/utilities/pgfutil-late
x.def
\pgfutil@abb=\box30
 (/usr/local/texlive/2018basic/texmf-dist/tex/latex/ms/everyshi.sty
Package: everyshi 2001/05/15 v3.00 EveryShipout Package (MS)
))
(/usr/local/texlive/2018basic/texmf-dist/tex/generic/pgf/utilities/pgfrcs.code.
tex
Package: pgfrcs 2015/08/07 v3.0.1a (rcs-revision 1.31)
))
Package: pgf 2015/08/07 v3.0.1a (rcs-revision 1.15)

(/usr/local/texlive/2018basic/texmf-dist/tex/latex/pgf/basiclayer/pgfcore.sty
(/usr/local/texlive/2018basic/texmf-dist/tex/latex/pgf/systemlayer/pgfsys.sty
(/usr/local/texlive/2018basic/texmf-dist/tex/generic/pgf/systemlayer/pgfsys.cod
e.tex
Package: pgfsys 2014/07/09 v3.0.1a (rcs-revision 1.48)

(/usr/local/texlive/2018basic/texmf-dist/tex/generic/pgf/utilities/pgfkeys.code
.tex
\pgfkeys@pathtoks=\toks47
\pgfkeys@temptoks=\toks48

(/usr/local/texlive/2018basic/texmf-dist/tex/generic/pgf/utilities/pgfkeysfilte
red.code.tex
\pgfkeys@tmptoks=\toks49
))
\pgf@x=\dimen133
\pgf@y=\dimen134
\pgf@xa=\dimen135
\pgf@ya=\dimen136
\pgf@xb=\dimen137
\pgf@yb=\dimen138
\pgf@xc=\dimen139
\pgf@yc=\dimen140
\w@pgf@writea=\write4
\r@pgf@reada=\read2
\c@pgf@counta=\count141
\c@pgf@countb=\count142
\c@pgf@countc=\count143
\c@pgf@countd=\count144
\t@pgf@toka=\toks50
\t@pgf@tokb=\toks51
\t@pgf@tokc=\toks52

(/usr/local/texlive/2018basic/texmf-dist/tex/generic/pgf/systemlayer/pgf.cfg
File: pgf.cfg 2008/05/14  (rcs-revision 1.7)
)
Driver file for pgf: pgfsys-pdftex.def

(/usr/local/texlive/2018basic/texmf-dist/tex/generic/pgf/systemlayer/pgfsys-pdf
tex.def
File: pgfsys-pdftex.def 2014/10/11  (rcs-revision 1.35)

(/usr/local/texlive/2018basic/texmf-dist/tex/generic/pgf/systemlayer/pgfsys-com
mon-pdf.def
File: pgfsys-common-pdf.def 2013/10/10  (rcs-revision 1.13)
)))
(/usr/local/texlive/2018basic/texmf-dist/tex/generic/pgf/systemlayer/pgfsyssoft
path.code.tex
File: pgfsyssoftpath.code.tex 2013/09/09  (rcs-revision 1.9)
\pgfsyssoftpath@smallbuffer@items=\count145
\pgfsyssoftpath@bigbuffer@items=\count146
)
(/usr/local/texlive/2018basic/texmf-dist/tex/generic/pgf/systemlayer/pgfsysprot
ocol.code.tex
File: pgfsysprotocol.code.tex 2006/10/16  (rcs-revision 1.4)
))
(/usr/local/texlive/2018basic/texmf-dist/tex/latex/xcolor/xcolor.sty
Package: xcolor 2016/05/11 v2.12 LaTeX color extensions (UK)

(/usr/local/texlive/2018basic/texmf-dist/tex/latex/graphics-cfg/color.cfg
File: color.cfg 2016/01/02 v1.6 sample color configuration
)
Package xcolor Info: Driver file: pdftex.def on input line 225.
Package xcolor Info: Model `cmy' substituted by `cmy0' on input line 1348.
Package xcolor Info: Model `hsb' substituted by `rgb' on input line 1352.
Package xcolor Info: Model `RGB' extended on input line 1364.
Package xcolor Info: Model `HTML' substituted by `rgb' on input line 1366.
Package xcolor Info: Model `Hsb' substituted by `hsb' on input line 1367.
Package xcolor Info: Model `tHsb' substituted by `hsb' on input line 1368.
Package xcolor Info: Model `HSB' substituted by `hsb' on input line 1369.
Package xcolor Info: Model `Gray' substituted by `gray' on input line 1370.
Package xcolor Info: Model `wave' substituted by `hsb' on input line 1371.
)
(/usr/local/texlive/2018basic/texmf-dist/tex/generic/pgf/basiclayer/pgfcore.cod
e.tex
Package: pgfcore 2010/04/11 v3.0.1a (rcs-revision 1.7)

(/usr/local/texlive/2018basic/texmf-dist/tex/generic/pgf/math/pgfmath.code.tex
(/usr/local/texlive/2018basic/texmf-dist/tex/generic/pgf/math/pgfmathcalc.code.
tex
(/usr/local/texlive/2018basic/texmf-dist/tex/generic/pgf/math/pgfmathutil.code.
tex)
(/usr/local/texlive/2018basic/texmf-dist/tex/generic/pgf/math/pgfmathparser.cod
e.tex
\pgfmath@dimen=\dimen141
\pgfmath@count=\count147
\pgfmath@box=\box31
\pgfmath@toks=\toks53
\pgfmath@stack@operand=\toks54
\pgfmath@stack@operation=\toks55
)
(/usr/local/texlive/2018basic/texmf-dist/tex/generic/pgf/math/pgfmathfunctions.
code.tex
(/usr/local/texlive/2018basic/texmf-dist/tex/generic/pgf/math/pgfmathfunctions.
basic.code.tex)
(/usr/local/texlive/2018basic/texmf-dist/tex/generic/pgf/math/pgfmathfunctions.
trigonometric.code.tex)
(/usr/local/texlive/2018basic/texmf-dist/tex/generic/pgf/math/pgfmathfunctions.
random.code.tex)
(/usr/local/texlive/2018basic/texmf-dist/tex/generic/pgf/math/pgfmathfunctions.
comparison.code.tex)
(/usr/local/texlive/2018basic/texmf-dist/tex/generic/pgf/math/pgfmathfunctions.
base.code.tex)
(/usr/local/texlive/2018basic/texmf-dist/tex/generic/pgf/math/pgfmathfunctions.
round.code.tex)
(/usr/local/texlive/2018basic/texmf-dist/tex/generic/pgf/math/pgfmathfunctions.
misc.code.tex)
(/usr/local/texlive/2018basic/texmf-dist/tex/generic/pgf/math/pgfmathfunctions.
integerarithmetics.code.tex)))
(/usr/local/texlive/2018basic/texmf-dist/tex/generic/pgf/math/pgfmathfloat.code
.tex
\c@pgfmathroundto@lastzeros=\count148
))
(/usr/local/texlive/2018basic/texmf-dist/tex/generic/pgf/basiclayer/pgfcorepoin
ts.code.tex
File: pgfcorepoints.code.tex 2013/10/07  (rcs-revision 1.27)
\pgf@picminx=\dimen142
\pgf@picmaxx=\dimen143
\pgf@picminy=\dimen144
\pgf@picmaxy=\dimen145
\pgf@pathminx=\dimen146
\pgf@pathmaxx=\dimen147
\pgf@pathminy=\dimen148
\pgf@pathmaxy=\dimen149
\pgf@xx=\dimen150
\pgf@xy=\dimen151
\pgf@yx=\dimen152
\pgf@yy=\dimen153
\pgf@zx=\dimen154
\pgf@zy=\dimen155
)
(/usr/local/texlive/2018basic/texmf-dist/tex/generic/pgf/basiclayer/pgfcorepath
construct.code.tex
File: pgfcorepathconstruct.code.tex 2013/10/07  (rcs-revision 1.29)
\pgf@path@lastx=\dimen156
\pgf@path@lasty=\dimen157
)
(/usr/local/texlive/2018basic/texmf-dist/tex/generic/pgf/basiclayer/pgfcorepath
usage.code.tex
File: pgfcorepathusage.code.tex 2014/11/02  (rcs-revision 1.24)
\pgf@shorten@end@additional=\dimen158
\pgf@shorten@start@additional=\dimen159
)
(/usr/local/texlive/2018basic/texmf-dist/tex/generic/pgf/basiclayer/pgfcorescop
es.code.tex
File: pgfcorescopes.code.tex 2015/05/08  (rcs-revision 1.46)
\pgfpic=\box32
\pgf@hbox=\box33
\pgf@layerbox@main=\box34
\pgf@picture@serial@count=\count149
)
(/usr/local/texlive/2018basic/texmf-dist/tex/generic/pgf/basiclayer/pgfcoregrap
hicstate.code.tex
File: pgfcoregraphicstate.code.tex 2014/11/02  (rcs-revision 1.12)
\pgflinewidth=\dimen160
)
(/usr/local/texlive/2018basic/texmf-dist/tex/generic/pgf/basiclayer/pgfcoretran
sformations.code.tex
File: pgfcoretransformations.code.tex 2015/08/07  (rcs-revision 1.20)
\pgf@pt@x=\dimen161
\pgf@pt@y=\dimen162
\pgf@pt@temp=\dimen163
)
(/usr/local/texlive/2018basic/texmf-dist/tex/generic/pgf/basiclayer/pgfcorequic
k.code.tex
File: pgfcorequick.code.tex 2008/10/09  (rcs-revision 1.3)
)
(/usr/local/texlive/2018basic/texmf-dist/tex/generic/pgf/basiclayer/pgfcoreobje
cts.code.tex
File: pgfcoreobjects.code.tex 2006/10/11  (rcs-revision 1.2)
)
(/usr/local/texlive/2018basic/texmf-dist/tex/generic/pgf/basiclayer/pgfcorepath
processing.code.tex
File: pgfcorepathprocessing.code.tex 2013/09/09  (rcs-revision 1.9)
)
(/usr/local/texlive/2018basic/texmf-dist/tex/generic/pgf/basiclayer/pgfcorearro
ws.code.tex
File: pgfcorearrows.code.tex 2015/05/14  (rcs-revision 1.43)
\pgfarrowsep=\dimen164
)
(/usr/local/texlive/2018basic/texmf-dist/tex/generic/pgf/basiclayer/pgfcoreshad
e.code.tex
File: pgfcoreshade.code.tex 2013/07/15  (rcs-revision 1.15)
\pgf@max=\dimen165
\pgf@sys@shading@range@num=\count150
)
(/usr/local/texlive/2018basic/texmf-dist/tex/generic/pgf/basiclayer/pgfcoreimag
e.code.tex
File: pgfcoreimage.code.tex 2013/07/15  (rcs-revision 1.18)

(/usr/local/texlive/2018basic/texmf-dist/tex/generic/pgf/basiclayer/pgfcoreexte
rnal.code.tex
File: pgfcoreexternal.code.tex 2014/07/09  (rcs-revision 1.21)
\pgfexternal@startupbox=\box35
))
(/usr/local/texlive/2018basic/texmf-dist/tex/generic/pgf/basiclayer/pgfcorelaye
rs.code.tex
File: pgfcorelayers.code.tex 2013/07/18  (rcs-revision 1.7)
)
(/usr/local/texlive/2018basic/texmf-dist/tex/generic/pgf/basiclayer/pgfcoretran
sparency.code.tex
File: pgfcoretransparency.code.tex 2013/09/30  (rcs-revision 1.5)
)
(/usr/local/texlive/2018basic/texmf-dist/tex/generic/pgf/basiclayer/pgfcorepatt
erns.code.tex
File: pgfcorepatterns.code.tex 2013/11/07  (rcs-revision 1.5)
)))
(/usr/local/texlive/2018basic/texmf-dist/tex/generic/pgf/modules/pgfmoduleshape
s.code.tex
File: pgfmoduleshapes.code.tex 2014/03/21  (rcs-revision 1.35)
\pgfnodeparttextbox=\box36
)
(/usr/local/texlive/2018basic/texmf-dist/tex/generic/pgf/modules/pgfmoduleplot.
code.tex
File: pgfmoduleplot.code.tex 2015/08/03  (rcs-revision 1.13)
)
(/usr/local/texlive/2018basic/texmf-dist/tex/latex/pgf/compatibility/pgfcomp-ve
rsion-0-65.sty
Package: pgfcomp-version-0-65 2007/07/03 v3.0.1a (rcs-revision 1.7)
\pgf@nodesepstart=\dimen166
\pgf@nodesepend=\dimen167
)
(/usr/local/texlive/2018basic/texmf-dist/tex/latex/pgf/compatibility/pgfcomp-ve
rsion-1-18.sty
Package: pgfcomp-version-1-18 2007/07/23 v3.0.1a (rcs-revision 1.1)
))
(/usr/local/texlive/2018basic/texmf-dist/tex/latex/psnfss/utopia.sty
Package: utopia 2005/04/12 PSNFSS-v9.2a (P.Dyballa) 


Package utopia Warning: This package is to be regarded as obsolete.
(utopia)                See the PSNFSS documentation.

) (/usr/local/texlive/2018basic/texmf-dist/tex/latex/base/fontenc.sty
Package: fontenc 2017/04/05 v2.0i Standard LaTeX package

(/usr/local/texlive/2018basic/texmf-dist/tex/latex/base/t1enc.def
File: t1enc.def 2017/04/05 v2.0i Standard LaTeX file
LaTeX Font Info:    Redeclaring font encoding T1 on input line 48.
))
(/usr/local/texlive/2018basic/texmf-dist/tex/generic/xstring/xstring.sty
(/usr/local/texlive/2018basic/texmf-dist/tex/generic/xstring/xstring.tex
\@xs@message=\write5
\integerpart=\count151
\decimalpart=\count152
)
Package: xstring 2013/10/13  v1.7c  String manipulations (C Tellechea)
)
(/usr/local/texlive/2018basic/texmf-dist/tex/latex/multirow/multirow.sty
Package: multirow 2018/08/03 v2.3 Span multiple rows of a table
\multirow@colwidth=\skip52
\multirow@cntb=\count153
\multirow@dima=\skip53
\bigstrutjot=\dimen168
)
(./tabulation.aux)
\openout1 = `tabulation.aux'.

LaTeX Font Info:    Checking defaults for OML/cmm/m/it on input line 17.
LaTeX Font Info:    ... okay on input line 17.
LaTeX Font Info:    Checking defaults for T1/cmr/m/n on input line 17.
LaTeX Font Info:    ... okay on input line 17.
LaTeX Font Info:    Checking defaults for OT1/cmr/m/n on input line 17.
LaTeX Font Info:    ... okay on input line 17.
LaTeX Font Info:    Checking defaults for OMS/cmsy/m/n on input line 17.
LaTeX Font Info:    ... okay on input line 17.
LaTeX Font Info:    Checking defaults for OMX/cmex/m/n on input line 17.
LaTeX Font Info:    ... okay on input line 17.
LaTeX Font Info:    Checking defaults for U/cmr/m/n on input line 17.
LaTeX Font Info:    ... okay on input line 17.
LaTeX Font Info:    Try loading font information for T1+put on input line 17.

(/usr/local/texlive/2018basic/texmf-dist/tex/latex/psnfss/t1put.fd
File: t1put.fd 2001/06/04 font definitions for T1/put.
)
*geometry* driver: auto-detecting
*geometry* detected driver: pdftex
*geometry* verbose mode - [ preamble ] result:
* driver: pdftex
* paper: a3paper
* layout: <same size as paper>
* layoutoffset:(h,v)=(0.0pt,0.0pt)
* modes: landscape 
* h-part:(L,W,R)=(56.3705pt, 1116.96404pt, 21.68121pt)
* v-part:(T,H,B)=(18.06749pt, 812.52559pt, 14.45377pt)
* \paperwidth=1195.01575pt
* \paperheight=845.04684pt
* \textwidth=1116.96404pt
* \textheight=812.52559pt
* \oddsidemargin=-15.89949pt
* \evensidemargin=-15.89949pt
* \topmargin=-91.2025pt
* \headheight=12.0pt
* \headsep=25.0pt
* \topskip=11.0pt
* \footskip=30.0pt
* \marginparwidth=59.0pt
* \marginparsep=10.0pt
* \columnsep=10.0pt
* \skip\footins=10.0pt plus 4.0pt minus 2.0pt
* \hoffset=0.0pt
* \voffset=0.0pt
* \mag=1000
* \@twocolumnfalse
* \@twosidefalse
* \@mparswitchfalse
* \@reversemarginfalse
* (1in=72.27pt=25.4mm, 1cm=28.453pt)

(/usr/local/texlive/2018basic/texmf-dist/tex/context/base/mkii/supp-pdf.mkii
[Loading MPS to PDF converter (version 2006.09.02).]
\scratchcounter=\count154
\scratchdimen=\dimen169
\scratchbox=\box37
\nofMPsegments=\count155
\nofMParguments=\count156
\everyMPshowfont=\toks56
\MPscratchCnt=\count157
\MPscratchDim=\dimen170
\MPnumerator=\count158
\makeMPintoPDFobject=\count159
\everyMPtoPDFconversion=\toks57
) (/usr/local/texlive/2018basic/texmf-dist/tex/latex/oberdiek/epstopdf-base.sty
Package: epstopdf-base 2016/05/15 v2.6 Base part for package epstopdf
(/usr/local/texlive/2018basic/texmf-dist/tex/generic/oberdiek/infwarerr.sty
Package: infwarerr 2016/05/16 v1.4 Providing info/warning/error messages (HO)
)
(/usr/local/texlive/2018basic/texmf-dist/tex/latex/oberdiek/grfext.sty
Package: grfext 2016/05/16 v1.2 Manage graphics extensions (HO)

(/usr/local/texlive/2018basic/texmf-dist/tex/generic/oberdiek/kvdefinekeys.sty
Package: kvdefinekeys 2016/05/16 v1.4 Define keys (HO)

(/usr/local/texlive/2018basic/texmf-dist/tex/generic/oberdiek/ltxcmds.sty
Package: ltxcmds 2016/05/16 v1.23 LaTeX kernel commands for general use (HO)
)))
(/usr/local/texlive/2018basic/texmf-dist/tex/latex/oberdiek/kvoptions.sty
Package: kvoptions 2016/05/16 v3.12 Key value format for package options (HO)

(/usr/local/texlive/2018basic/texmf-dist/tex/generic/oberdiek/kvsetkeys.sty
Package: kvsetkeys 2016/05/16 v1.17 Key value parser (HO)

(/usr/local/texlive/2018basic/texmf-dist/tex/generic/oberdiek/etexcmds.sty
Package: etexcmds 2016/05/16 v1.6 Avoid name clashes with e-TeX commands (HO)

(/usr/local/texlive/2018basic/texmf-dist/tex/generic/oberdiek/ifluatex.sty
Package: ifluatex 2016/05/16 v1.4 Provides the ifluatex switch (HO)
Package ifluatex Info: LuaTeX not detected.
)
Package etexcmds Info: Could not find \expanded.
(etexcmds)             That can mean that you are not using pdfTeX 1.50 or
(etexcmds)             that some package has redefined \expanded.
(etexcmds)             In the latter case, load this package earlier.
)))
(/usr/local/texlive/2018basic/texmf-dist/tex/generic/oberdiek/pdftexcmds.sty
Package: pdftexcmds 2018/01/30 v0.27 Utility functions of pdfTeX for LuaTeX (HO
)
Package pdftexcmds Info: LuaTeX not detected.
Package pdftexcmds Info: \pdf@primitive is available.
Package pdftexcmds Info: \pdf@ifprimitive is available.
Package pdftexcmds Info: \pdfdraftmode found.
)
Package epstopdf-base Info: Redefining graphics rule for `.eps' on input line 4
38.
Package grfext Info: Graphics extension search list:
(grfext)             [.pdf,.png,.jpg,.mps,.jpeg,.jbig2,.jb2,.PDF,.PNG,.JPG,.JPE
G,.JBIG2,.JB2,.eps]
(grfext)             \AppendGraphicsExtensions on input line 456.

(/usr/local/texlive/2018basic/texmf-dist/tex/latex/latexconfig/epstopdf-sys.cfg
File: epstopdf-sys.cfg 2010/07/13 v1.3 Configuration of (r)epstopdf for TeX Liv
e
)) ABD: EveryShipout initializing macros
Overfull \hbox (2.42235pt too wide) in paragraph at lines 111--111
 []|\T1/put/b/n/10 Letter 
 []


Overfull \hbox (2.55234pt too wide) in paragraph at lines 111--111
 \T1/put/b/n/10 Grade| 
 []


Overfull \hbox (2.26753pt too wide) in paragraph at lines 111--111
[]|\T1/put/b/n/10 Grade
 []

File: cu-logo.jpg Graphic file (type jpg)
<use cu-logo.jpg>
Package pdftex.def Info: cu-logo.jpg  used on input line 111.
(pdftex.def)             Requested size: 43.36243pt x 61.3227pt.

Underfull \hbox (badness 10000) in alignment at lines 111--111
[][][][] 
 []


Underfull \hbox (badness 10000) in paragraph at lines 141--141
[]|\T1/put/m/n/10 Md. Habibul
 []


Underfull \hbox (badness 4144) in paragraph at lines 141--141
[]|\T1/put/m/n/10 Md. Abu Saiem
 []


Underfull \hbox (badness 10000) in paragraph at lines 141--141
[]|\T1/put/m/n/10 Misbah Ud-din
 []


Underfull \hbox (badness 2717) in paragraph at lines 141--141
[]|\T1/put/m/n/10 Mohammed Sai-ful
 []

[1

{/Users/rufaruqui/Library/texlive/2018basic/texmf-var/fonts/map/pdftex/updmap/p
dftex.map} <./cu-logo.jpg>]
Overfull \hbox (2.42235pt too wide) in paragraph at lines 280--280
 []|\T1/put/b/n/10 Letter 
 []


Overfull \hbox (2.55234pt too wide) in paragraph at lines 280--280
 \T1/put/b/n/10 Grade| 
 []


Overfull \hbox (2.26753pt too wide) in paragraph at lines 280--280
[]|\T1/put/b/n/10 Grade
 []

File: cu-logo.jpg Graphic file (type jpg)
<use cu-logo.jpg>
Package pdftex.def Info: cu-logo.jpg  used on input line 280.
(pdftex.def)             Requested size: 43.36243pt x 61.3227pt.

Underfull \hbox (badness 10000) in alignment at lines 280--280
[][][][] 
 []

[2

]
Overfull \hbox (2.42235pt too wide) in paragraph at lines 449--449
 []|\T1/put/b/n/10 Letter 
 []


Overfull \hbox (2.55234pt too wide) in paragraph at lines 449--449
 \T1/put/b/n/10 Grade| 
 []


Overfull \hbox (2.26753pt too wide) in paragraph at lines 449--449
[]|\T1/put/b/n/10 Grade
 []

File: cu-logo.jpg Graphic file (type jpg)
<use cu-logo.jpg>
Package pdftex.def Info: cu-logo.jpg  used on input line 449.
(pdftex.def)             Requested size: 43.36243pt x 61.3227pt.

Underfull \hbox (badness 10000) in alignment at lines 449--449
[][][][] 
 []


Underfull \hbox (badness 10000) in paragraph at lines 479--479
[]|\T1/put/m/n/10 Nu Shai Mong
 []


Underfull \hbox (badness 10000) in paragraph at lines 479--479
[]|\T1/put/m/n/10 Md Mosharaf
 []


Underfull \hbox (badness 10000) in paragraph at lines 479--479
[]|\T1/put/m/n/10 Md Sai-fud-din
 []


Underfull \hbox (badness 10000) in paragraph at lines 479--479
[]|\T1/put/m/n/10 Muntasir Md.
 []

[3

]
Overfull \hbox (2.42235pt too wide) in paragraph at lines 618--618
 []|\T1/put/b/n/10 Letter 
 []


Overfull \hbox (2.55234pt too wide) in paragraph at lines 618--618
 \T1/put/b/n/10 Grade| 
 []


Overfull \hbox (2.26753pt too wide) in paragraph at lines 618--618
[]|\T1/put/b/n/10 Grade
 []

File: cu-logo.jpg Graphic file (type jpg)
<use cu-logo.jpg>
Package pdftex.def Info: cu-logo.jpg  used on input line 618.
(pdftex.def)             Requested size: 43.36243pt x 61.3227pt.

Underfull \hbox (badness 10000) in alignment at lines 618--618
[][][][] 
 []


Underfull \hbox (badness 1436) in paragraph at lines 648--648
[]|\T1/put/m/n/10 Md. Akram Hos-
 []


Underfull \hbox (badness 10000) in paragraph at lines 648--648
[]|\T1/put/m/n/10 Zishan Sid-diqui
 []

[4

]
Overfull \hbox (2.42235pt too wide) in paragraph at lines 787--787
 []|\T1/put/b/n/10 Letter 
 []


Overfull \hbox (2.55234pt too wide) in paragraph at lines 787--787
 \T1/put/b/n/10 Grade| 
 []


Overfull \hbox (2.26753pt too wide) in paragraph at lines 787--787
[]|\T1/put/b/n/10 Grade
 []

File: cu-logo.jpg Graphic file (type jpg)
<use cu-logo.jpg>
Package pdftex.def Info: cu-logo.jpg  used on input line 787.
(pdftex.def)             Requested size: 43.36243pt x 61.3227pt.

Underfull \hbox (badness 10000) in alignment at lines 787--787
[][][][] 
 []


Underfull \hbox (badness 10000) in paragraph at lines 817--817
[]|\T1/put/m/n/10 Shah Azhar Hos-
 []


Underfull \hbox (badness 1509) in paragraph at lines 817--817
[]|\T1/put/m/n/10 Sadab Sad-man Is-
 []


Underfull \hbox (badness 10000) in paragraph at lines 817--817
[]|\T1/put/m/n/10 Mohammad
 []

[5

]
Overfull \hbox (2.42235pt too wide) in paragraph at lines 956--956
 []|\T1/put/b/n/10 Letter 
 []


Overfull \hbox (2.55234pt too wide) in paragraph at lines 956--956
 \T1/put/b/n/10 Grade| 
 []


Overfull \hbox (2.26753pt too wide) in paragraph at lines 956--956
[]|\T1/put/b/n/10 Grade
 []

File: cu-logo.jpg Graphic file (type jpg)
<use cu-logo.jpg>
Package pdftex.def Info: cu-logo.jpg  used on input line 956.
(pdftex.def)             Requested size: 43.36243pt x 61.3227pt.

Underfull \hbox (badness 10000) in alignment at lines 956--956
[][][][] 
 []

[6

]
Overfull \hbox (2.42235pt too wide) in paragraph at lines 1125--1125
 []|\T1/put/b/n/10 Letter 
 []


Overfull \hbox (2.55234pt too wide) in paragraph at lines 1125--1125
 \T1/put/b/n/10 Grade| 
 []


Overfull \hbox (2.26753pt too wide) in paragraph at lines 1125--1125
[]|\T1/put/b/n/10 Grade
 []

File: cu-logo.jpg Graphic file (type jpg)
<use cu-logo.jpg>
Package pdftex.def Info: cu-logo.jpg  used on input line 1125.
(pdftex.def)             Requested size: 43.36243pt x 61.3227pt.

Underfull \hbox (badness 10000) in alignment at lines 1125--1125
[][][][] 
 []

[7

]
Overfull \hbox (2.42235pt too wide) in paragraph at lines 1294--1294
 []|\T1/put/b/n/10 Letter 
 []


Overfull \hbox (2.55234pt too wide) in paragraph at lines 1294--1294
 \T1/put/b/n/10 Grade| 
 []


Overfull \hbox (2.26753pt too wide) in paragraph at lines 1294--1294
[]|\T1/put/b/n/10 Grade
 []

File: cu-logo.jpg Graphic file (type jpg)
<use cu-logo.jpg>
Package pdftex.def Info: cu-logo.jpg  used on input line 1294.
(pdftex.def)             Requested size: 43.36243pt x 61.3227pt.

Underfull \hbox (badness 10000) in alignment at lines 1294--1294
[][][][] 
 []


Underfull \hbox (badness 10000) in paragraph at lines 1324--1324
[]|\T1/put/m/n/10 Nishat Sul-tana
 []

[8

]
Overfull \hbox (2.42235pt too wide) in paragraph at lines 1463--1463
 []|\T1/put/b/n/10 Letter 
 []


Overfull \hbox (2.55234pt too wide) in paragraph at lines 1463--1463
 \T1/put/b/n/10 Grade| 
 []


Overfull \hbox (2.26753pt too wide) in paragraph at lines 1463--1463
[]|\T1/put/b/n/10 Grade
 []

File: cu-logo.jpg Graphic file (type jpg)
<use cu-logo.jpg>
Package pdftex.def Info: cu-logo.jpg  used on input line 1463.
(pdftex.def)             Requested size: 43.36243pt x 61.3227pt.

Underfull \hbox (badness 10000) in alignment at lines 1463--1463
[][][][] 
 []


Underfull \hbox (badness 10000) in paragraph at lines 1493--1493
[]|\T1/put/m/n/10 Shahnaz Ak-ter
 []


Underfull \hbox (badness 10000) in paragraph at lines 1493--1493
[]|\T1/put/m/n/10 Nuzhath Yesmin
 []


Underfull \hbox (badness 10000) in paragraph at lines 1493--1493
[]|\T1/put/m/n/10 Jannatul Fer-dous
 []

[9

]
Overfull \hbox (2.42235pt too wide) in paragraph at lines 1632--1632
 []|\T1/put/b/n/10 Letter 
 []


Overfull \hbox (2.55234pt too wide) in paragraph at lines 1632--1632
 \T1/put/b/n/10 Grade| 
 []


Overfull \hbox (2.26753pt too wide) in paragraph at lines 1632--1632
[]|\T1/put/b/n/10 Grade
 []

File: cu-logo.jpg Graphic file (type jpg)
<use cu-logo.jpg>
Package pdftex.def Info: cu-logo.jpg  used on input line 1632.
(pdftex.def)             Requested size: 43.36243pt x 61.3227pt.

Underfull \hbox (badness 10000) in alignment at lines 1632--1632
[][][][] 
 []


Underfull \hbox (badness 7168) in paragraph at lines 1662--1662
[]|\T1/put/m/n/10 Khadiza Mori-oum
 []

[10

]
Overfull \hbox (2.42235pt too wide) in paragraph at lines 1801--1801
 []|\T1/put/b/n/10 Letter 
 []


Overfull \hbox (2.55234pt too wide) in paragraph at lines 1801--1801
 \T1/put/b/n/10 Grade| 
 []


Overfull \hbox (2.26753pt too wide) in paragraph at lines 1801--1801
[]|\T1/put/b/n/10 Grade
 []

File: cu-logo.jpg Graphic file (type jpg)
<use cu-logo.jpg>
Package pdftex.def Info: cu-logo.jpg  used on input line 1801.
(pdftex.def)             Requested size: 43.36243pt x 61.3227pt.

Underfull \hbox (badness 10000) in alignment at lines 1801--1801
[][][][] 
 []

[11

]
Overfull \hbox (2.42235pt too wide) in paragraph at lines 1970--1970
 []|\T1/put/b/n/10 Letter 
 []


Overfull \hbox (2.55234pt too wide) in paragraph at lines 1970--1970
 \T1/put/b/n/10 Grade| 
 []


Overfull \hbox (2.26753pt too wide) in paragraph at lines 1970--1970
[]|\T1/put/b/n/10 Grade
 []

File: cu-logo.jpg Graphic file (type jpg)
<use cu-logo.jpg>
Package pdftex.def Info: cu-logo.jpg  used on input line 1970.
(pdftex.def)             Requested size: 43.36243pt x 61.3227pt.

Underfull \hbox (badness 10000) in alignment at lines 1970--1970
[][][][] 
 []

[12

]
Overfull \hbox (2.42235pt too wide) in paragraph at lines 2133--2133
 []|\T1/put/b/n/10 Letter 
 []


Overfull \hbox (2.55234pt too wide) in paragraph at lines 2133--2133
 \T1/put/b/n/10 Grade| 
 []


Overfull \hbox (2.26753pt too wide) in paragraph at lines 2133--2133
[]|\T1/put/b/n/10 Grade
 []

File: cu-logo.jpg Graphic file (type jpg)
<use cu-logo.jpg>
Package pdftex.def Info: cu-logo.jpg  used on input line 2133.
(pdftex.def)             Requested size: 43.36243pt x 61.3227pt.

Underfull \hbox (badness 10000) in alignment at lines 2133--2133
[][][][] 
 []

[13

]
Overfull \hbox (2.42235pt too wide) in paragraph at lines 2286--2286
 []|\T1/put/b/n/10 Letter 
 []


Overfull \hbox (2.55234pt too wide) in paragraph at lines 2286--2286
 \T1/put/b/n/10 Grade| 
 []


Overfull \hbox (2.26753pt too wide) in paragraph at lines 2286--2286
[]|\T1/put/b/n/10 Grade
 []

File: cu-logo.jpg Graphic file (type jpg)
<use cu-logo.jpg>
Package pdftex.def Info: cu-logo.jpg  used on input line 2286.
(pdftex.def)             Requested size: 43.36243pt x 61.3227pt.

Underfull \hbox (badness 10000) in alignment at lines 2286--2286
[][][][] 
 []

[14

] (./tabulation.aux) ) 
Here is how much of TeX's memory you used:
 12966 strings out of 494091
 229569 string characters out of 6163523
 429679 words of memory out of 5000000
 16342 multiletter control sequences out of 15000+600000
 52998 words of font info for 41 fonts, out of 8000000 for 9000
 319 hyphenation exceptions out of 8191
 48i,19n,45p,837b,463s stack positions out of 5000i,500n,10000p,200000b,80000s
{/usr/local/texlive/2018basic/texmf-dist/fonts/enc/dvips/
base/8r.enc}</usr/local/texlive/2018basic/texmf-dist/fonts/type1/public/amsfont
s/cm/cmmi10.pfb></usr/local/texlive/2018basic/texmf-dist/fonts/type1/public/ams
fonts/cm/cmmi8.pfb></usr/local/texlive/2018basic/texmf-dist/fonts/type1/public/
amsfonts/cm/cmr10.pfb></usr/local/texlive/2018basic/texmf-dist/fonts/type1/adob
e/utopia/putb8a.pfb></usr/local/texlive/2018basic/texmf-dist/fonts/type1/adobe/
utopia/putr8a.pfb>
Output written on tabulation.pdf (14 pages, 259295 bytes).
PDF statistics:
 77 PDF objects out of 1000 (max. 8388607)
 53 compressed objects within 1 object stream
 0 named destinations out of 1000 (max. 500000)
 18 words of extra memory for PDF output out of 10000 (max. 10000000)

